This is XeTeX, Version 3.14159265-2.6-0.999992 (TeX Live 2020) (preloaded format=xelatex 2020.10.29)  2 NOV 2020 22:07
entering extended mode
 restricted \write18 enabled.
 %&-line parsing enabled.
**DLFilerDissertation.tex
(./DLFilerDissertation.tex
LaTeX2e <2020-10-01> patch level 2
L3 programming layer <2020-10-27> xparse <2020-03-03> (/Users/dayne/Library/Tin
yTeX/texmf-dist/tex/latex/base/book.cls
Document Class: book 2020/04/10 v1.4m Standard LaTeX document class
(/Users/dayne/Library/TinyTeX/texmf-dist/tex/latex/base/bk11.clo
File: bk11.clo 2020/04/10 v1.4m Standard LaTeX file (size option)
)
\c@part=\count171
\c@chapter=\count172
\c@section=\count173
\c@subsection=\count174
\c@subsubsection=\count175
\c@paragraph=\count176
\c@subparagraph=\count177
\c@figure=\count178
\c@table=\count179
\abovecaptionskip=\skip47
\belowcaptionskip=\skip48
\bibindent=\dimen138
) (/Users/dayne/Library/TinyTeX/texmf-dist/tex/latex/geometry/geometry.sty
Package: geometry 2020/01/02 v5.9 Page Geometry
(/Users/dayne/Library/TinyTeX/texmf-dist/tex/latex/graphics/keyval.sty
Package: keyval 2014/10/28 v1.15 key=value parser (DPC)
\KV@toks@=\toks15
) (/Users/dayne/Library/TinyTeX/texmf-dist/tex/generic/iftex/ifvtex.sty
Package: ifvtex 2019/10/25 v1.7 ifvtex legacy package. Use iftex instead.
(/Users/dayne/Library/TinyTeX/texmf-dist/tex/generic/iftex/iftex.sty
Package: iftex 2020/03/06 v1.0d TeX engine tests
))
\Gm@cnth=\count180
\Gm@cntv=\count181
\c@Gm@tempcnt=\count182
\Gm@bindingoffset=\dimen139
\Gm@wd@mp=\dimen140
\Gm@odd@mp=\dimen141
\Gm@even@mp=\dimen142
\Gm@layoutwidth=\dimen143
\Gm@layoutheight=\dimen144
\Gm@layouthoffset=\dimen145
\Gm@layoutvoffset=\dimen146
\Gm@dimlist=\toks16
) (/Users/dayne/Library/TinyTeX/texmf-dist/tex/latex/amsmath/amsmath.sty
Package: amsmath 2020/09/23 v2.17i AMS math features
\@mathmargin=\skip49
For additional information on amsmath, use the `?' option.
(/Users/dayne/Library/TinyTeX/texmf-dist/tex/latex/amsmath/amstext.sty
Package: amstext 2000/06/29 v2.01 AMS text
(/Users/dayne/Library/TinyTeX/texmf-dist/tex/latex/amsmath/amsgen.sty
File: amsgen.sty 1999/11/30 v2.0 generic functions
\@emptytoks=\toks17
\ex@=\dimen147
)) (/Users/dayne/Library/TinyTeX/texmf-dist/tex/latex/amsmath/amsbsy.sty
Package: amsbsy 1999/11/29 v1.2d Bold Symbols
\pmbraise@=\dimen148
) (/Users/dayne/Library/TinyTeX/texmf-dist/tex/latex/amsmath/amsopn.sty
Package: amsopn 2016/03/08 v2.02 operator names
)
\inf@bad=\count183
LaTeX Info: Redefining \frac on input line 234.
\uproot@=\count184
\leftroot@=\count185
LaTeX Info: Redefining \overline on input line 399.
\classnum@=\count186
\DOTSCASE@=\count187
LaTeX Info: Redefining \ldots on input line 496.
LaTeX Info: Redefining \dots on input line 499.
LaTeX Info: Redefining \cdots on input line 620.
\Mathstrutbox@=\box47
\strutbox@=\box48
\big@size=\dimen149
LaTeX Font Info:    Redeclaring font encoding OML on input line 743.
LaTeX Font Info:    Redeclaring font encoding OMS on input line 744.
\macc@depth=\count188
\c@MaxMatrixCols=\count189
\dotsspace@=\muskip16
\c@parentequation=\count190
\dspbrk@lvl=\count191
\tag@help=\toks18
\row@=\count192
\column@=\count193
\maxfields@=\count194
\andhelp@=\toks19
\eqnshift@=\dimen150
\alignsep@=\dimen151
\tagshift@=\dimen152
\tagwidth@=\dimen153
\totwidth@=\dimen154
\lineht@=\dimen155
\@envbody=\toks20
\multlinegap=\skip50
\multlinetaggap=\skip51
\mathdisplay@stack=\toks21
LaTeX Info: Redefining \[ on input line 2923.
LaTeX Info: Redefining \] on input line 2924.
) (/Users/dayne/Library/TinyTeX/texmf-dist/tex/latex/amsmath/amsxtra.sty
Package: amsxtra 1999/11/15 v1.2c AMS extra commands
LaTeX Info: Redefining \nobreakspace on input line 54.
) (/Users/dayne/Library/TinyTeX/texmf-dist/tex/latex/amsfonts/amssymb.sty
Package: amssymb 2013/01/14 v3.01 AMS font symbols
(/Users/dayne/Library/TinyTeX/texmf-dist/tex/latex/amsfonts/amsfonts.sty
Package: amsfonts 2013/01/14 v3.01 Basic AMSFonts support
\symAMSa=\mathgroup4
\symAMSb=\mathgroup5
LaTeX Font Info:    Redeclaring math symbol \hbar on input line 98.
LaTeX Font Info:    Overwriting math alphabet `\mathfrak' in version `bold'
(Font)                  U/euf/m/n --> U/euf/b/n on input line 106.
)) (/Users/dayne/Library/TinyTeX/texmf-dist/tex/latex/amscls/amsthm.sty
Package: amsthm 2020/05/29 v2.20.6
\thm@style=\toks22
\thm@bodyfont=\toks23
\thm@headfont=\toks24
\thm@notefont=\toks25
\thm@headpunct=\toks26
\thm@preskip=\skip52
\thm@postskip=\skip53
\thm@headsep=\skip54
\dth@everypar=\toks27
) (/Users/dayne/Library/TinyTeX/texmf-dist/tex/latex/base/latexsym.sty
Package: latexsym 1998/08/17 v2.2e Standard LaTeX package (lasy symbols)
\symlasy=\mathgroup6
LaTeX Font Info:    Overwriting symbol font `lasy' in version `bold'
(Font)                  U/lasy/m/n --> U/lasy/b/n on input line 52.
) (/Users/dayne/Library/TinyTeX/texmf-dist/tex/latex/booktabs/booktabs.sty
Package: booktabs 2020/01/12 v1.61803398 Publication quality tables
\heavyrulewidth=\dimen156
\lightrulewidth=\dimen157
\cmidrulewidth=\dimen158
\belowrulesep=\dimen159
\belowbottomsep=\dimen160
\aboverulesep=\dimen161
\abovetopsep=\dimen162
\cmidrulesep=\dimen163
\cmidrulekern=\dimen164
\defaultaddspace=\dimen165
\@cmidla=\count195
\@cmidlb=\count196
\@aboverulesep=\dimen166
\@belowrulesep=\dimen167
\@thisruleclass=\count197
\@lastruleclass=\count198
\@thisrulewidth=\dimen168
) (/Users/dayne/Library/TinyTeX/texmf-dist/tex/latex/tools/longtable.sty
Package: longtable 2020/01/07 v4.13 Multi-page Table package (DPC)
\LTleft=\skip55
\LTright=\skip56
\LTpre=\skip57
\LTpost=\skip58
\LTchunksize=\count199
\LTcapwidth=\dimen169
\LT@head=\box49
\LT@firsthead=\box50
\LT@foot=\box51
\LT@lastfoot=\box52
\LT@cols=\count266
\LT@rows=\count267
\c@LT@tables=\count268
\c@LT@chunks=\count269
\LT@p@ftn=\toks28
) (/Users/dayne/Library/TinyTeX/texmf-dist/tex/latex/tools/array.sty
Package: array 2020/10/01 v2.5c Tabular extension package (FMi)
\col@sep=\dimen170
\ar@mcellbox=\box53
\extrarowheight=\dimen171
\NC@list=\toks29
\extratabsurround=\skip59
\backup@length=\skip60
\ar@cellbox=\box54
) (/Users/dayne/Library/TinyTeX/texmf-dist/tex/latex/multirow/multirow.sty
Package: multirow 2019/05/31 v2.5 Span multiple rows of a table
\multirow@colwidth=\skip61
\multirow@cntb=\count270
\multirow@dima=\skip62
\bigstrutjot=\dimen172
) (/Users/dayne/Library/TinyTeX/texmf-dist/tex/latex/wrapfig/wrapfig.sty
\wrapoverhang=\dimen173
\WF@size=\dimen174
\c@WF@wrappedlines=\count271
\WF@box=\box55
\WF@everypar=\toks30
Package: wrapfig 2003/01/31  v 3.6
) (/Users/dayne/Library/TinyTeX/texmf-dist/tex/latex/float/float.sty
Package: float 2001/11/08 v1.3d Float enhancements (AL)
\c@float@type=\count272
\float@exts=\toks31
\float@box=\box56
\@float@everytoks=\toks32
\@floatcapt=\box57
) (/Users/dayne/Library/TinyTeX/texmf-dist/tex/latex/colortbl/colortbl.sty
Package: colortbl 2020/01/04 v1.0e Color table columns (DPC)
(/Users/dayne/Library/TinyTeX/texmf-dist/tex/latex/graphics/color.sty
Package: color 2020/02/24 v1.2b Standard LaTeX Color (DPC)
(/Users/dayne/Library/TinyTeX/texmf-dist/tex/latex/graphics-cfg/color.cfg
File: color.cfg 2016/01/02 v1.6 sample color configuration
)
Package color Info: Driver file: xetex.def on input line 147.
(/Users/dayne/Library/TinyTeX/texmf-dist/tex/latex/graphics-def/xetex.def
File: xetex.def 2020/08/26 v5.0i Graphics/color driver for xetex
))
\everycr=\toks33
\minrowclearance=\skip63
) (/Users/dayne/Library/TinyTeX/texmf-dist/tex/latex/pdflscape/pdflscape.sty
Package: pdflscape 2019/12/05 v0.12 Display of landscape pages in PDF (HO)
(/Users/dayne/Library/TinyTeX/texmf-dist/tex/latex/graphics/lscape.sty
Package: lscape 2020/05/28 v3.02 Landscape Pages (DPC)
(/Users/dayne/Library/TinyTeX/texmf-dist/tex/latex/graphics/graphics.sty
Package: graphics 2020/08/30 v1.4c Standard LaTeX Graphics (DPC,SPQR)
(/Users/dayne/Library/TinyTeX/texmf-dist/tex/latex/graphics/trig.sty
Package: trig 2016/01/03 v1.10 sin cos tan (DPC)
) (/Users/dayne/Library/TinyTeX/texmf-dist/tex/latex/graphics-cfg/graphics.cfg
File: graphics.cfg 2016/06/04 v1.11 sample graphics configuration
)
Package graphics Info: Driver file: xetex.def on input line 105.
))
Package pdflscape Info: Auto-detected driver: dvipdfm (xetex) on input line 98.

(/Users/dayne/Library/TinyTeX/texmf-dist/tex/latex/base/atbegshi-ltx.sty
Package: atbegshi-ltx 2020/08/17 v1.0a Emulation of the original atbegshi packa
ge
with kernel methods
)) (/Users/dayne/Library/TinyTeX/texmf-dist/tex/latex/tabu/tabu.sty
Package: tabu 2019/01/11 v2.9 - flexible LaTeX tabulars (FC+tabu-fixed)
(/Users/dayne/Library/TinyTeX/texmf-dist/tex/latex/varwidth/varwidth.sty
Package: varwidth 2009/03/30 ver 0.92;  Variable-width minipages
\@vwid@box=\box58
\sift@deathcycles=\count273
\@vwid@loff=\dimen175
\@vwid@roff=\dimen176
)
\c@taburow=\count274
\tabu@nbcols=\count275
\tabu@cnt=\count276
\tabu@Xcol=\count277
\tabu@alloc=\count278
\tabu@nested=\count279
\tabu@target=\dimen177
\tabu@spreadtarget=\dimen178
\tabu@naturalX=\dimen179
\tabucolX=\dimen180
\tabu@Xsum=\dimen181
\extrarowdepth=\dimen182
\abovetabulinesep=\dimen183
\belowtabulinesep=\dimen184
\tabustrutrule=\dimen185
\tabu@thebody=\toks34
\tabu@footnotes=\toks35
\tabu@box=\box59
\tabu@arstrutbox=\box60
\tabu@hleads=\box61
\tabu@vleads=\box62
\tabu@cellskip=\skip64
)
(/Users/dayne/Library/TinyTeX/texmf-dist/tex/latex/threeparttable/threeparttabl
e.sty
Package: threeparttable 2003/06/13  v 3.0
\@tempboxb=\box63
)
(/Users/dayne/Library/TinyTeX/texmf-dist/tex/latex/threeparttablex/threeparttab
lex.sty
Package: threeparttablex 2013/07/23 v0.3 by daleif
(/Users/dayne/Library/TinyTeX/texmf-dist/tex/latex/environ/environ.sty
Package: environ 2014/05/04 v0.3 A new way to define environments
(/Users/dayne/Library/TinyTeX/texmf-dist/tex/latex/trimspaces/trimspaces.sty
Package: trimspaces 2009/09/17 v1.1 Trim spaces around a token list
))
\TPTL@width=\skip65
) (/Users/dayne/Library/TinyTeX/texmf-dist/tex/generic/ulem/ulem.sty
\UL@box=\box64
\UL@hyphenbox=\box65
\UL@skip=\skip66
\UL@hook=\toks36
\UL@height=\dimen186
\UL@pe=\count280
\UL@pixel=\dimen187
\ULC@box=\box66
Package: ulem 2019/11/18
\ULdepth=\dimen188
) (/Users/dayne/Library/TinyTeX/texmf-dist/tex/latex/makecell/makecell.sty
Package: makecell 2009/08/03 V0.1e Managing of Tab Column Heads and Cells
\rotheadsize=\dimen189
\c@nlinenum=\count281
\TeXr@lab=\toks37
) (/Users/dayne/Library/TinyTeX/texmf-dist/tex/latex/xcolor/xcolor.sty
Package: xcolor 2016/05/11 v2.12 LaTeX color extensions (UK)
(/Users/dayne/Library/TinyTeX/texmf-dist/tex/latex/graphics-cfg/color.cfg
File: color.cfg 2016/01/02 v1.6 sample color configuration
)
Package xcolor Info: Driver file: xetex.def on input line 225.
LaTeX Info: Redefining \color on input line 709.
Package xcolor Info: Model `cmy' substituted by `cmy0' on input line 1348.
Package xcolor Info: Model `RGB' extended on input line 1364.
Package xcolor Info: Model `HTML' substituted by `rgb' on input line 1366.
Package xcolor Info: Model `Hsb' substituted by `hsb' on input line 1367.
Package xcolor Info: Model `tHsb' substituted by `hsb' on input line 1368.
Package xcolor Info: Model `HSB' substituted by `hsb' on input line 1369.
Package xcolor Info: Model `Gray' substituted by `gray' on input line 1370.
Package xcolor Info: Model `wave' substituted by `hsb' on input line 1371.
) (/Users/dayne/Library/TinyTeX/texmf-dist/tex/latex/setspace/setspace.sty
Package: setspace 2011/12/19 v6.7a set line spacing
) (/Users/dayne/Library/TinyTeX/texmf-dist/tex/latex/oberdiek/chemarr.sty
Package: chemarr 2016/05/16 v1.3 Arrows for chemical reactions (HO)
) (/Users/dayne/Library/TinyTeX/texmf-dist/tex/latex/graphics/graphicx.sty
Package: graphicx 2020/09/09 v1.2b Enhanced LaTeX Graphics (DPC,SPQR)
\Gin@req@height=\dimen190
\Gin@req@width=\dimen191
) (/Users/dayne/Library/TinyTeX/texmf-dist/tex/latex/parskip/parskip.sty
Package: parskip 2020-06-15 v2.0f non-zero parskip adjustments
(/Users/dayne/Library/TinyTeX/texmf-dist/tex/latex/kvoptions/kvoptions.sty
Package: kvoptions 2020-10-07 v3.14 Key value format for package options (HO)
(/Users/dayne/Library/TinyTeX/texmf-dist/tex/generic/ltxcmds/ltxcmds.sty
Package: ltxcmds 2020-05-10 v1.25 LaTeX kernel commands for general use (HO)
) (/Users/dayne/Library/TinyTeX/texmf-dist/tex/generic/kvsetkeys/kvsetkeys.sty
Package: kvsetkeys 2019/12/15 v1.18 Key value parser (HO)
)) (/Users/dayne/Library/TinyTeX/texmf-dist/tex/latex/etoolbox/etoolbox.sty
Package: etoolbox 2020/10/05 v2.5k e-TeX tools for LaTeX (JAW)
\etb@tempcnta=\count282
)) (/Users/dayne/Library/TinyTeX/texmf-dist/tex/latex/microtype/microtype.sty
Package: microtype 2019/11/18 v2.7d Micro-typographical refinements (RS)
\MT@toks=\toks38
\MT@count=\count283
LaTeX Info: Redefining \textls on input line 790.
\MT@outer@kern=\dimen192
LaTeX Info: Redefining \textmicrotypecontext on input line 1354.
\MT@listname@count=\count284

(/Users/dayne/Library/TinyTeX/texmf-dist/tex/latex/microtype/microtype-xetex.de
f
File: microtype-xetex.def 2019/11/18 v2.7d Definitions specific to xetex (RS)
LaTeX Info: Redefining \lsstyle on input line 258.
)
Package microtype Info: Loading configuration file microtype.cfg.
(/Users/dayne/Library/TinyTeX/texmf-dist/tex/latex/microtype/microtype.cfg
File: microtype.cfg 2019/11/18 v2.7d microtype main configuration file (RS)
)) (/Users/dayne/Library/TinyTeX/texmf-dist/tex/latex/caption/caption.sty
Package: caption 2020/10/26 v3.5g Customizing captions (AR)
(/Users/dayne/Library/TinyTeX/texmf-dist/tex/latex/caption/caption3.sty
Package: caption3 2020/10/21 v2.2e caption3 kernel (AR)
\captionmargin=\dimen193
\captionmargin@=\dimen194
\captionwidth=\dimen195
\caption@tempdima=\dimen196
\caption@indent=\dimen197
\caption@parindent=\dimen198
\caption@hangindent=\dimen199
Package caption Info: Standard document class detected.
)
\c@caption@flags=\count285
\c@continuedfloat=\count286
Package caption Info: float package is loaded.
Package caption Info: longtable package is loaded.
(/Users/dayne/Library/TinyTeX/texmf-dist/tex/latex/caption/ltcaption.sty
Package: ltcaption 2020/05/30 v1.4b longtable captions (AR)
)
Package caption Info: threeparttable package is loaded.
Package caption Info: wrapfig package is loaded.
) (/Users/dayne/Library/TinyTeX/texmf-dist/tex/latex/tocloft/tocloft.sty
Package: tocloft 2017/08/31 v2.3i parameterised ToC, etc., typesetting
Package tocloft Info: The document has chapter divisions on input line 51.
\cftparskip=\skip67
\cftbeforetoctitleskip=\skip68
\cftaftertoctitleskip=\skip69
\cftbeforepartskip=\skip70
\cftpartnumwidth=\skip71
\cftpartindent=\skip72
\cftbeforechapskip=\skip73
\cftchapindent=\skip74
\cftchapnumwidth=\skip75
\cftbeforesecskip=\skip76
\cftsecindent=\skip77
\cftsecnumwidth=\skip78
\cftbeforesubsecskip=\skip79
\cftsubsecindent=\skip80
\cftsubsecnumwidth=\skip81
\cftbeforesubsubsecskip=\skip82
\cftsubsubsecindent=\skip83
\cftsubsubsecnumwidth=\skip84
\cftbeforeparaskip=\skip85
\cftparaindent=\skip86
\cftparanumwidth=\skip87
\cftbeforesubparaskip=\skip88
\cftsubparaindent=\skip89
\cftsubparanumwidth=\skip90
\cftbeforeloftitleskip=\skip91
\cftafterloftitleskip=\skip92
\cftbeforefigskip=\skip93
\cftfigindent=\skip94
\cftfignumwidth=\skip95
\c@lofdepth=\count287
\c@lotdepth=\count288
\cftbeforelottitleskip=\skip96
\cftafterlottitleskip=\skip97
\cftbeforetabskip=\skip98
\cfttabindent=\skip99
\cfttabnumwidth=\skip100

Package tocloft Warning: \@starttoc has already been redefined; tocloft bailing
 out. on input line 1156.

) (/Users/dayne/Library/TinyTeX/texmf-dist/tex/latex/titlesec/titlesec.sty
Package: titlesec 2019/10/16 v2.13 Sectioning titles
\ttl@box=\box67
\beforetitleunit=\skip101
\aftertitleunit=\skip102
\ttl@plus=\dimen256
\ttl@minus=\dimen257
\ttl@toksa=\toks39
\titlewidth=\dimen258
\titlewidthlast=\dimen259
\titlewidthfirst=\dimen260
) (/Users/dayne/Library/TinyTeX/texmf-dist/tex/latex/pbox/pbox.sty
Package: pbox 2011/12/07 v1.2 Dynamic parboxes
(/Users/dayne/Library/TinyTeX/texmf-dist/tex/latex/tools/calc.sty
Package: calc 2017/05/25 v4.3 Infix arithmetic (KKT,FJ)
\calc@Acount=\count289
\calc@Bcount=\count290
\calc@Adimen=\dimen261
\calc@Bdimen=\dimen262
\calc@Askip=\skip103
\calc@Bskip=\skip104
LaTeX Info: Redefining \setlength on input line 80.
LaTeX Info: Redefining \addtolength on input line 81.
\calc@Ccount=\count291
\calc@Cskip=\skip105
) (/Users/dayne/Library/TinyTeX/texmf-dist/tex/latex/base/ifthen.sty
Package: ifthen 2014/09/29 v1.1c Standard LaTeX ifthen package (DPC)
)
\pb@xlen=\skip106
) (/Users/dayne/Library/TinyTeX/texmf-dist/tex/latex/biblatex/biblatex.sty
Package: biblatex 2020/08/23 v3.15a programmable bibliographies (PK/MW)
(/Users/dayne/Library/TinyTeX/texmf-dist/tex/generic/pdftexcmds/pdftexcmds.sty
Package: pdftexcmds 2020-06-27 v0.33 Utility functions of pdfTeX for LuaTeX (HO
)
(/Users/dayne/Library/TinyTeX/texmf-dist/tex/generic/infwarerr/infwarerr.sty
Package: infwarerr 2019/12/03 v1.5 Providing info/warning/error messages (HO)
)
Package pdftexcmds Info: \pdf@primitive is available.
Package pdftexcmds Info: \pdf@ifprimitive is available.
Package pdftexcmds Info: \pdfdraftmode not found.
) (/Users/dayne/Library/TinyTeX/texmf-dist/tex/latex/logreq/logreq.sty
Package: logreq 2010/08/04 v1.0 xml request logger
\lrq@indent=\count292
(/Users/dayne/Library/TinyTeX/texmf-dist/tex/latex/logreq/logreq.def
File: logreq.def 2010/08/04 v1.0 logreq spec v1.0
)) (/Users/dayne/Library/TinyTeX/texmf-dist/tex/latex/url/url.sty
\Urlmuskip=\muskip17
Package: url 2013/09/16  ver 3.4  Verb mode for urls, etc.
)
\c@tabx@nest=\count293
\c@listtotal=\count294
\c@listcount=\count295
\c@liststart=\count296
\c@liststop=\count297
\c@citecount=\count298
\c@citetotal=\count299
\c@multicitecount=\count300
\c@multicitetotal=\count301
\c@instcount=\count302
\c@maxnames=\count303
\c@minnames=\count304
\c@maxitems=\count305
\c@minitems=\count306
\c@citecounter=\count307
\c@maxcitecounter=\count308
\c@savedcitecounter=\count309
\c@uniquelist=\count310
\c@uniquename=\count311
\c@refsection=\count312
\c@refsegment=\count313
\c@maxextratitle=\count314
\c@maxextratitleyear=\count315
\c@maxextraname=\count316
\c@maxextradate=\count317
\c@maxextraalpha=\count318
\c@abbrvpenalty=\count319
\c@highnamepenalty=\count320
\c@lownamepenalty=\count321
\c@maxparens=\count322
\c@parenlevel=\count323
\blx@tempcnta=\count324
\blx@tempcntb=\count325
\blx@tempcntc=\count326
\blx@maxsection=\count327
\blx@maxsegment@0=\count328
\blx@notetype=\count329
\blx@parenlevel@text=\count330
\blx@parenlevel@foot=\count331
\blx@sectionciteorder@0=\count332
\blx@entrysetcounter=\count333
\blx@biblioinstance=\count334
\labelnumberwidth=\skip107
\labelalphawidth=\skip108
\biblabelsep=\skip109
\bibitemsep=\skip110
\bibnamesep=\skip111
\bibinitsep=\skip112
\bibparsep=\skip113
\bibhang=\skip114
\blx@bcfin=\read2
\blx@bcfout=\write3
\blx@langwohyphens=\language3
\c@mincomprange=\count335
\c@maxcomprange=\count336
\c@mincompwidth=\count337
Package biblatex Info: Trying to load biblatex default data model...
Package biblatex Info: ... file 'blx-dm.def' found.
(/Users/dayne/Library/TinyTeX/texmf-dist/tex/latex/biblatex/blx-dm.def
File: blx-dm.def 2020/08/23 v3.15a biblatex localization (PK/MW)
)
Package biblatex Info: Trying to load biblatex custom data model...
Package biblatex Info: ... file 'biblatex-dm.cfg' not found.
\c@afterword=\count338
\c@savedafterword=\count339
\c@annotator=\count340
\c@savedannotator=\count341
\c@author=\count342
\c@savedauthor=\count343
\c@bookauthor=\count344
\c@savedbookauthor=\count345
\c@commentator=\count346
\c@savedcommentator=\count347
\c@editor=\count348
\c@savededitor=\count349
\c@editora=\count350
\c@savededitora=\count351
\c@editorb=\count352
\c@savededitorb=\count353
\c@editorc=\count354
\c@savededitorc=\count355
\c@foreword=\count356
\c@savedforeword=\count357
\c@holder=\count358
\c@savedholder=\count359
\c@introduction=\count360
\c@savedintroduction=\count361
\c@namea=\count362
\c@savednamea=\count363
\c@nameb=\count364
\c@savednameb=\count365
\c@namec=\count366
\c@savednamec=\count367
\c@translator=\count368
\c@savedtranslator=\count369
\c@shortauthor=\count370
\c@savedshortauthor=\count371
\c@shorteditor=\count372
\c@savedshorteditor=\count373
\c@labelname=\count374
\c@savedlabelname=\count375
\c@institution=\count376
\c@savedinstitution=\count377
\c@lista=\count378
\c@savedlista=\count379
\c@listb=\count380
\c@savedlistb=\count381
\c@listc=\count382
\c@savedlistc=\count383
\c@listd=\count384
\c@savedlistd=\count385
\c@liste=\count386
\c@savedliste=\count387
\c@listf=\count388
\c@savedlistf=\count389
\c@location=\count390
\c@savedlocation=\count391
\c@organization=\count392
\c@savedorganization=\count393
\c@origlocation=\count394
\c@savedoriglocation=\count395
\c@origpublisher=\count396
\c@savedorigpublisher=\count397
\c@publisher=\count398
\c@savedpublisher=\count399
\c@language=\count400
\c@savedlanguage=\count401
\c@origlanguage=\count402
\c@savedoriglanguage=\count403
\c@pageref=\count404
\c@savedpageref=\count405
\shorthandwidth=\skip115
\shortjournalwidth=\skip116
\shortserieswidth=\skip117
\shorttitlewidth=\skip118
\shortauthorwidth=\skip119
\shorteditorwidth=\skip120
\locallabelnumberwidth=\skip121
\locallabelalphawidth=\skip122
\localshorthandwidth=\skip123
\localshortjournalwidth=\skip124
\localshortserieswidth=\skip125
\localshorttitlewidth=\skip126
\localshortauthorwidth=\skip127
\localshorteditorwidth=\skip128
Package biblatex Info: Trying to load enhanced support for Unicode engines...
Package biblatex Info: ... file 'blx-unicode.def' found.
(/Users/dayne/Library/TinyTeX/texmf-dist/tex/latex/biblatex/blx-unicode.def)
Package biblatex Info: Trying to load compatibility code...
Package biblatex Info: ... file 'blx-compat.def' found.
(/Users/dayne/Library/TinyTeX/texmf-dist/tex/latex/biblatex/blx-compat.def
File: blx-compat.def 2020/08/23 v3.15a biblatex compatibility (PK/MW)
) (/Users/dayne/Library/TinyTeX/texmf-dist/tex/latex/l3kernel/expl3.sty
Package: expl3 2020-10-27 L3 programming layer (loader) 

(/Users/dayne/Library/TinyTeX/texmf-dist/tex/latex/l3backend/l3backend-xetex.de
f
File: l3backend-xetex.def 2020-09-24 L3 backend support: XeTeX
\g__graphics_track_int=\count406
\l__pdf_internal_box=\box68
\g__pdf_backend_object_int=\count407
\g__pdf_backend_annotation_int=\count408
))
Package biblatex Info: expl3
(biblatex)             2020-10-27 L3 programming layer (loader) 
(biblatex)             is new enough (at least 2020/04/06),
(biblatex)             setting 'casechanger=expl3'.
Package biblatex Info: Trying to load expl3 case changing code...
Package biblatex Info: ... file 'blx-case-expl3.def' found.
(/Users/dayne/Library/TinyTeX/texmf-dist/tex/latex/biblatex/blx-case-expl3.def
(/Users/dayne/Library/TinyTeX/texmf-dist/tex/latex/l3packages/xparse/xparse.sty
Package: xparse 2020-10-27 L3 Experimental document command parser

(/Users/dayne/Library/TinyTeX/texmf-dist/tex/latex/l3packages/xparse/xparse-gen
eric.tex))
File: blx-case-expl3 2020/08/23 v3.15a expl3 case changing code for biblatex
)
Package biblatex Info: Trying to load generic definitions...
Package biblatex Info: ... file 'biblatex.def' found.
(/Users/dayne/Library/TinyTeX/texmf-dist/tex/latex/biblatex/biblatex.def
File: biblatex.def 2020/08/23 v3.15a biblatex compatibility (PK/MW)
\c@textcitecount=\count409
\c@textcitetotal=\count410
\c@textcitemaxnames=\count411
\c@biburlbigbreakpenalty=\count412
\c@biburlbreakpenalty=\count413
\c@biburlnumpenalty=\count414
\c@biburlucpenalty=\count415
\c@biburllcpenalty=\count416
\biburlbigskip=\muskip18
\biburlnumskip=\muskip19
\biburlucskip=\muskip20
\biburllcskip=\muskip21
\c@smartand=\count417
)
Package biblatex Info: Trying to load bibliography style 'numeric'...
Package biblatex Info: ... file 'numeric.bbx' found.
(/Users/dayne/Library/TinyTeX/texmf-dist/tex/latex/biblatex/bbx/numeric.bbx
File: numeric.bbx 2020/08/23 v3.15a biblatex bibliography style (PK/MW)
Package biblatex Info: Trying to load bibliography style 'standard'...
Package biblatex Info: ... file 'standard.bbx' found.
(/Users/dayne/Library/TinyTeX/texmf-dist/tex/latex/biblatex/bbx/standard.bbx
File: standard.bbx 2020/08/23 v3.15a biblatex bibliography style (PK/MW)
\c@bbx:relatedcount=\count418
\c@bbx:relatedtotal=\count419
))
Package biblatex Info: Trying to load citation style 'numeric'...
Package biblatex Info: ... file 'numeric.cbx' found.
(/Users/dayne/Library/TinyTeX/texmf-dist/tex/latex/biblatex/cbx/numeric.cbx
File: numeric.cbx 2020/08/23 v3.15a biblatex citation style (PK/MW)
Package biblatex Info: Redefining '\cite'.
Package biblatex Info: Redefining '\parencite'.
Package biblatex Info: Redefining '\footcite'.
Package biblatex Info: Redefining '\footcitetext'.
Package biblatex Info: Redefining '\smartcite'.
Package biblatex Info: Redefining '\supercite'.
Package biblatex Info: Redefining '\textcite'.
Package biblatex Info: Redefining '\textcites'.
Package biblatex Info: Redefining '\cites'.
Package biblatex Info: Redefining '\parencites'.
Package biblatex Info: Redefining '\smartcites'.
)
Package biblatex Info: Trying to load configuration file...
Package biblatex Info: ... file 'biblatex.cfg' found.
(/Users/dayne/Library/TinyTeX/texmf-dist/tex/latex/biblatex/biblatex.cfg
File: biblatex.cfg 
)) (/Users/dayne/Library/TinyTeX/texmf-dist/tex/latex/base/inputenc.sty
Package: inputenc 2020/08/01 v1.3d Input encoding file
\inpenc@prehook=\toks40
\inpenc@posthook=\toks41

Package inputenc Warning: inputenc package ignored with utf8 based engines.

) (/Users/dayne/Library/TinyTeX/texmf-dist/tex/latex/base/fontenc.sty
Package: fontenc 2020/08/10 v2.0s Standard LaTeX package
LaTeX Font Info:    Trying to load font information for T1+lmr on input line 11
2.
(/Users/dayne/Library/TinyTeX/texmf-dist/tex/latex/lm/t1lmr.fd
File: t1lmr.fd 2009/10/30 v1.6 Font defs for Latin Modern
)) (/Users/dayne/Library/TinyTeX/texmf-dist/tex/latex/hyperref/hyperref.sty
Package: hyperref 2020-05-15 v7.00e Hypertext links for LaTeX

(/Users/dayne/Library/TinyTeX/texmf-dist/tex/generic/kvdefinekeys/kvdefinekeys.
sty
Package: kvdefinekeys 2019-12-19 v1.6 Define keys (HO)
) (/Users/dayne/Library/TinyTeX/texmf-dist/tex/generic/pdfescape/pdfescape.sty
Package: pdfescape 2019/12/09 v1.15 Implements pdfTeX's escape features (HO)
) (/Users/dayne/Library/TinyTeX/texmf-dist/tex/latex/hycolor/hycolor.sty
Package: hycolor 2020-01-27 v1.10 Color options for hyperref/bookmark (HO)
) (/Users/dayne/Library/TinyTeX/texmf-dist/tex/latex/letltxmacro/letltxmacro.st
y
Package: letltxmacro 2019/12/03 v1.6 Let assignment for LaTeX macros (HO)
) (/Users/dayne/Library/TinyTeX/texmf-dist/tex/latex/auxhook/auxhook.sty
Package: auxhook 2019-12-17 v1.6 Hooks for auxiliary files (HO)
)
\@linkdim=\dimen263
\Hy@linkcounter=\count420
\Hy@pagecounter=\count421
(/Users/dayne/Library/TinyTeX/texmf-dist/tex/latex/hyperref/pd1enc.def
File: pd1enc.def 2020-05-15 v7.00e Hyperref: PDFDocEncoding definition (HO)
) (/Users/dayne/Library/TinyTeX/texmf-dist/tex/generic/intcalc/intcalc.sty
Package: intcalc 2019/12/15 v1.3 Expandable calculations with integers (HO)
) (/Users/dayne/Library/TinyTeX/texmf-dist/tex/generic/etexcmds/etexcmds.sty
Package: etexcmds 2019/12/15 v1.7 Avoid name clashes with e-TeX commands (HO)
)
\Hy@SavedSpaceFactor=\count422
Package hyperref Info: Hyper figures OFF on input line 4464.
Package hyperref Info: Link nesting OFF on input line 4469.
Package hyperref Info: Hyper index ON on input line 4472.
Package hyperref Info: Plain pages OFF on input line 4479.
Package hyperref Info: Backreferencing OFF on input line 4484.
Package hyperref Info: Implicit mode ON; LaTeX internals redefined.
Package hyperref Info: Bookmarks ON on input line 4717.
\c@Hy@tempcnt=\count423
LaTeX Info: Redefining \url on input line 5076.
\XeTeXLinkMargin=\dimen264
(/Users/dayne/Library/TinyTeX/texmf-dist/tex/generic/bitset/bitset.sty
Package: bitset 2019/12/09 v1.3 Handle bit-vector datatype (HO)
(/Users/dayne/Library/TinyTeX/texmf-dist/tex/generic/bigintcalc/bigintcalc.sty
Package: bigintcalc 2019/12/15 v1.5 Expandable calculations on big integers (HO
)
))
\Fld@menulength=\count424
\Field@Width=\dimen265
\Fld@charsize=\dimen266
Package hyperref Info: Hyper figures OFF on input line 6347.
Package hyperref Info: Link nesting OFF on input line 6352.
Package hyperref Info: Hyper index ON on input line 6355.
Package hyperref Info: backreferencing OFF on input line 6362.
Package hyperref Info: Link coloring OFF on input line 6367.
Package hyperref Info: Link coloring with OCG OFF on input line 6372.
Package hyperref Info: PDF/A mode OFF on input line 6377.
LaTeX Info: Redefining \ref on input line 6417.
LaTeX Info: Redefining \pageref on input line 6421.
\Hy@abspage=\count425
\c@Item=\count426
\c@Hfootnote=\count427
)
Package hyperref Info: Driver (autodetected): hxetex.
(/Users/dayne/Library/TinyTeX/texmf-dist/tex/latex/hyperref/hxetex.def
File: hxetex.def 2020-05-15 v7.00e Hyperref driver for XeTeX
(/Users/dayne/Library/TinyTeX/texmf-dist/tex/latex/hyperref/puenc.def
File: puenc.def 2020-05-15 v7.00e Hyperref: PDF Unicode definition (HO)
) (/Users/dayne/Library/TinyTeX/texmf-dist/tex/generic/stringenc/stringenc.sty
Package: stringenc 2019/11/29 v1.12 Convert strings between diff. encodings (HO
)
)
\pdfm@box=\box69
\c@Hy@AnnotLevel=\count428
\HyField@AnnotCount=\count429
\Fld@listcount=\count430
\c@bookmark@seq@number=\count431

(/Users/dayne/Library/TinyTeX/texmf-dist/tex/latex/rerunfilecheck/rerunfilechec
k.sty
Package: rerunfilecheck 2019/12/05 v1.9 Rerun checks for auxiliary files (HO)
(/Users/dayne/Library/TinyTeX/texmf-dist/tex/latex/base/atveryend-ltx.sty
Package: atveryend-ltx 2020/08/19 v1.0a Emulation of the original atvery packag
e
with kernel methods
)
(/Users/dayne/Library/TinyTeX/texmf-dist/tex/generic/uniquecounter/uniquecounte
r.sty
Package: uniquecounter 2019/12/15 v1.4 Provide unlimited unique counter (HO)
)
Package uniquecounter Info: New unique counter `rerunfilecheck' on input line 2
86.
)
\Hy@SectionHShift=\skip129
) (/Users/dayne/Library/TinyTeX/texmf-dist/tex/latex/placeins/placeins.sty
Package: placeins 2005/04/18  v 2.2
) (/Users/dayne/Library/TinyTeX/texmf-dist/tex/latex/fancyvrb/fancyvrb.sty
Package: fancyvrb 2020/05/03 v3.6 verbatim text (tvz,hv)
\FV@CodeLineNo=\count432
\FV@InFile=\read3
\FV@TabBox=\box70
\c@FancyVerbLine=\count433
\FV@StepNumber=\count434
\FV@OutFile=\write4
) (/Users/dayne/Library/TinyTeX/texmf-dist/tex/latex/framed/framed.sty
Package: framed 2011/10/22 v 0.96: framed or shaded text with page breaks
\OuterFrameSep=\skip130
\fb@frw=\dimen267
\fb@frh=\dimen268
\FrameRule=\dimen269
\FrameSep=\dimen270
)
\@quotelevel=\count435
\@quotereset=\count436
(./DLFilerDissertation.aux)
\openout1 = `DLFilerDissertation.aux'.

LaTeX Font Info:    Checking defaults for OML/cmm/m/it on input line 229.
LaTeX Font Info:    ... okay on input line 229.
LaTeX Font Info:    Checking defaults for OMS/cmsy/m/n on input line 229.
LaTeX Font Info:    ... okay on input line 229.
LaTeX Font Info:    Checking defaults for OT1/cmr/m/n on input line 229.
LaTeX Font Info:    ... okay on input line 229.
LaTeX Font Info:    Checking defaults for T1/cmr/m/n on input line 229.
LaTeX Font Info:    ... okay on input line 229.
LaTeX Font Info:    Checking defaults for TS1/cmr/m/n on input line 229.
LaTeX Font Info:    Trying to load font information for TS1+cmr on input line 2
29.
(/Users/dayne/Library/TinyTeX/texmf-dist/tex/latex/base/ts1cmr.fd
File: ts1cmr.fd 2019/12/16 v2.5j Standard LaTeX font definitions
)
LaTeX Font Info:    ... okay on input line 229.
LaTeX Font Info:    Checking defaults for TU/lmr/m/n on input line 229.
LaTeX Font Info:    ... okay on input line 229.
LaTeX Font Info:    Checking defaults for OMX/cmex/m/n on input line 229.
LaTeX Font Info:    ... okay on input line 229.
LaTeX Font Info:    Checking defaults for U/cmr/m/n on input line 229.
LaTeX Font Info:    ... okay on input line 229.
LaTeX Font Info:    Checking defaults for PD1/pdf/m/n on input line 229.
LaTeX Font Info:    ... okay on input line 229.
LaTeX Font Info:    Checking defaults for PU/pdf/m/n on input line 229.
LaTeX Font Info:    ... okay on input line 229.
*geometry* driver: auto-detecting
*geometry* detected driver: xetex
*geometry* verbose mode - [ preamble ] result:
* driver: xetex
* paper: letterpaper
* layout: <same size as paper>
* layoutoffset:(h,v)=(0.0pt,0.0pt)
* modes: twoside 
* h-part:(L,W,R)=(72.26999pt, 469.75502pt, 72.26999pt)
* v-part:(T,H,B)=(72.26999pt, 650.43001pt, 72.26999pt)
* \paperwidth=614.295pt
* \paperheight=794.96999pt
* \textwidth=469.75502pt
* \textheight=650.43001pt
* \oddsidemargin=0.0pt
* \evensidemargin=0.0pt
* \topmargin=-31.8738pt
* \headheight=12.0pt
* \headsep=19.8738pt
* \topskip=0.0pt
* \footskip=27.46295pt
* \marginparwidth=116.0pt
* \marginparsep=7.0pt
* \columnsep=10.0pt
* \skip\footins=10.0pt plus 4.0pt minus 2.0pt
* \hoffset=0.0pt
* \voffset=0.0pt
* \mag=1000
* \@twocolumnfalse
* \@twosidetrue
* \@mparswitchtrue
* \@reversemarginfalse
* (1in=72.27pt=25.4mm, 1cm=28.453pt)

LaTeX Info: Redefining \microtypecontext on input line 229.
Package microtype Info: Character protrusion enabled (level 2).
Package microtype Info: Using default protrusion set `alltext'.
Package microtype Info: No adjustment of tracking.
Package microtype Info: No adjustment of spacing.
Package microtype Info: No adjustment of kerning.

(/Users/dayne/Library/TinyTeX/texmf-dist/tex/latex/microtype/mt-LatinModernRoma
n.cfg
File: mt-LatinModernRoman.cfg 2013/03/13 v1.0 microtype config. file: Latin Mod
ern Roman (RS)
)
Package microtype Info: Loading generic protrusion settings for font family
(microtype)             `lmr' (encoding: T1).
(microtype)             For optimal results, create family-specific settings.
(microtype)             See the microtype manual for details.
Package caption Info: Begin \AtBeginDocument code.
Package caption Info: hyperref package is loaded.
Package caption Info: End \AtBeginDocument code.
Package biblatex Info: Trying to load language 'english'...
Package biblatex Info: ... file 'english.lbx' found.
(/Users/dayne/Library/TinyTeX/texmf-dist/tex/latex/biblatex/lbx/english.lbx
File: english.lbx 2020/08/23 v3.15a biblatex localization (PK/MW)
)
Package biblatex Info: XeTeX detected.
(biblatex)             Assuming input encoding 'utf8'.
Package biblatex Info: Automatic encoding selection.
(biblatex)             Assuming data encoding 'utf8'.
\openout3 = `DLFilerDissertation.bcf'.

Package biblatex Info: Trying to load bibliographic data...
Package biblatex Info: ... file 'DLFilerDissertation.bbl' not found.
No file DLFilerDissertation.bbl.
Package biblatex Info: Reference section=0 on input line 229.
Package biblatex Info: Reference segment=0 on input line 229.
Package hyperref Info: Link coloring OFF on input line 229.
(/Users/dayne/Library/TinyTeX/texmf-dist/tex/latex/hyperref/nameref.sty
Package: nameref 2019/09/16 v2.46 Cross-referencing by name of section
(/Users/dayne/Library/TinyTeX/texmf-dist/tex/latex/refcount/refcount.sty
Package: refcount 2019/12/15 v3.6 Data extraction from label references (HO)
)
(/Users/dayne/Library/TinyTeX/texmf-dist/tex/generic/gettitlestring/gettitlestr
ing.sty
Package: gettitlestring 2019/12/15 v1.6 Cleanup title references (HO)
)
\c@section@level=\count437
)
LaTeX Info: Redefining \ref on input line 229.
LaTeX Info: Redefining \pageref on input line 229.
LaTeX Info: Redefining \nameref on input line 229.
(./DLFilerDissertation.out) (./DLFilerDissertation.out)
\@outlinefile=\write5
\openout5 = `DLFilerDissertation.out'.

(/Users/dayne/Library/TinyTeX/texmf-dist/tex/latex/microtype/mt-cmr.cfg
File: mt-cmr.cfg 2013/05/19 v2.2 microtype config. file: Computer Modern Roman 
(RS)
)
LaTeX Font Info:    Trying to load font information for U+msa on input line 233
.
(/Users/dayne/Library/TinyTeX/texmf-dist/tex/latex/amsfonts/umsa.fd
File: umsa.fd 2013/01/14 v3.01 AMS symbols A
) (/Users/dayne/Library/TinyTeX/texmf-dist/tex/latex/microtype/mt-msa.cfg
File: mt-msa.cfg 2006/02/04 v1.1 microtype config. file: AMS symbols (a) (RS)
)
LaTeX Font Info:    Trying to load font information for U+msb on input line 233
.
(/Users/dayne/Library/TinyTeX/texmf-dist/tex/latex/amsfonts/umsb.fd
File: umsb.fd 2013/01/14 v3.01 AMS symbols B
) (/Users/dayne/Library/TinyTeX/texmf-dist/tex/latex/microtype/mt-msb.cfg
File: mt-msb.cfg 2005/06/01 v1.0 microtype config. file: AMS symbols (b) (RS)
)
LaTeX Font Info:    Trying to load font information for U+lasy on input line 23
3.
(/Users/dayne/Library/TinyTeX/texmf-dist/tex/latex/base/ulasy.fd
File: ulasy.fd 1998/08/17 v2.2e LaTeX symbol font definitions
)
(/Users/dayne/Library/TinyTeX/texmf-dist/tex/generic/stringenc/se-ascii-print.d
ef
File: se-ascii-print.def 2019/11/29 v1.12 stringenc: Printable ASCII characters

) [1


] [2

]
Package microtype Info: Loading generic protrusion settings for font family
(microtype)             `lmr' (encoding: TS1).
(microtype)             For optimal results, create family-specific settings.
(microtype)             See the microtype manual for details.
[3] [4

] [5] [6

] [7] [8

] [9] [10

] [11] (./DLFilerDissertation.toc [12

])
\tf@toc=\write6
\openout6 = `DLFilerDissertation.toc'.

[13] [14

] (./DLFilerDissertation.lof)
\tf@lof=\write7
\openout7 = `DLFilerDissertation.lof'.

[15] [16

] (./DLFilerDissertation.lot)
\tf@lot=\write8
\openout8 = `DLFilerDissertation.lot'.

[17] [18

] [19] [20]
Chapter 1.
[1


] [2] [3] [4] [5]
LaTeX Font Info:    Trying to load font information for T1+lmtt on input line 4
78.
(/Users/dayne/Library/TinyTeX/texmf-dist/tex/latex/lm/t1lmtt.fd
File: t1lmtt.fd 2009/10/30 v1.6 Font defs for Latin Modern
)
Package microtype Info: Loading generic protrusion settings for font family
(microtype)             `lmtt' (encoding: T1).
(microtype)             For optimal results, create family-specific settings.
(microtype)             See the microtype manual for details.
[6]
Overfull \hbox (2.8824pt too wide) in paragraph at lines 489--493
[]\T1/lmr/m/n/10.95 Modern align-ment al-go-rithms have futher im-proved ef-fi-
ciency by ex-ploit-ing the Burrows-Wheeler
 []

[7] [8]
Overfull \hbox (2.8853pt too wide) in paragraph at lines 532--537
[]\T1/lmr/m/n/10.95 Sequencing an in-di-vid-ual re-veals mil-lions of vari-ants
 com-pared to the cur-rent ref-er-ence genome,$[]$
 []

[9] [10] [11] [12]
Chapter 2.
[13

]
Overfull \hbox (8.86723pt too wide) in paragraph at lines 616--622
\T1/lmr/m/n/10.95 prob-lem. The cap-ture prob-a-bil-ity for each exon cor-re-la
tes be-tween sam-ples but with high variability.$[]$
 []

[14] [15] [16] [17]
LaTeX Font Info:    Font shape `U/lasy/b/n' in size <8> not available
(Font)              Font shape `U/lasy/m/n' tried instead on input line 754.
LaTeX Font Info:    Font shape `U/lasy/b/n' in size <6> not available
(Font)              Font shape `U/lasy/m/n' tried instead on input line 754.
File: DLFilerDissertation_files/figure-latex/alpha0-1.pdf Graphic file (type pd
f)
<use DLFilerDissertation_files/figure-latex/alpha0-1.pdf>
[18] [19]
File: DLFilerDissertation_files/figure-latex/mnVrAgl-1.pdf Graphic file (type p
df)
<use DLFilerDissertation_files/figure-latex/mnVrAgl-1.pdf>
File: DLFilerDissertation_files/figure-latex/mnVrIdt-1.pdf Graphic file (type p
df)
<use DLFilerDissertation_files/figure-latex/mnVrIdt-1.pdf>
File: DLFilerDissertation_files/figure-latex/mnVrComp-1.pdf Graphic file (type 
pdf)
<use DLFilerDissertation_files/figure-latex/mnVrComp-1.pdf>
[20] [21] [22]
File: DLFilerDissertation_files/figure-latex/edSelMed-1.pdf Graphic file (type 
pdf)
<use DLFilerDissertation_files/figure-latex/edSelMed-1.pdf>
File: DLFilerDissertation_files/figure-latex/edSelTot-1.pdf Graphic file (type 
pdf)
<use DLFilerDissertation_files/figure-latex/edSelTot-1.pdf>
File: DLFilerDissertation_files/figure-latex/edSelProp-1.pdf Graphic file (type
 pdf)
<use DLFilerDissertation_files/figure-latex/edSelProp-1.pdf>
File: DLFilerDissertation_files/figure-latex/edSelPhi-1.pdf Graphic file (type 
pdf)
<use DLFilerDissertation_files/figure-latex/edSelPhi-1.pdf>
[23] [24] [25] [26]
File: DLFilerDissertation_files/figure-latex/simRes-1.pdf Graphic file (type pd
f)
<use DLFilerDissertation_files/figure-latex/simRes-1.pdf>
File: DLFilerDissertation_files/figure-latex/simRes-2.pdf Graphic file (type pd
f)
<use DLFilerDissertation_files/figure-latex/simRes-2.pdf>
File: DLFilerDissertation_files/figure-latex/simRes-3.pdf Graphic file (type pd
f)
<use DLFilerDissertation_files/figure-latex/simRes-3.pdf>
File: DLFilerDissertation_files/figure-latex/simRes-4.pdf Graphic file (type pd
f)
<use DLFilerDissertation_files/figure-latex/simRes-4.pdf>
File: DLFilerDissertation_files/figure-latex/simRes-5.pdf Graphic file (type pd
f)
<use DLFilerDissertation_files/figure-latex/simRes-5.pdf>
File: DLFilerDissertation_files/figure-latex/simRes-6.pdf Graphic file (type pd
f)
<use DLFilerDissertation_files/figure-latex/simRes-6.pdf>
[27] [28] [29] [30]
File: DLFilerDissertation_files/figure-latex/wgsVennAll-1.pdf Graphic file (typ
e pdf)
<use DLFilerDissertation_files/figure-latex/wgsVennAll-1.pdf>
File: DLFilerDissertation_files/figure-latex/wgsVennAll-2.pdf Graphic file (typ
e pdf)
<use DLFilerDissertation_files/figure-latex/wgsVennAll-2.pdf>
File: DLFilerDissertation_files/figure-latex/wgsVennSub-1.pdf Graphic file (typ
e pdf)
<use DLFilerDissertation_files/figure-latex/wgsVennSub-1.pdf>
File: DLFilerDissertation_files/figure-latex/wgsVennSub-2.pdf Graphic file (typ
e pdf)
<use DLFilerDissertation_files/figure-latex/wgsVennSub-2.pdf>
[31] [32] [33] [34] [35] [36

]
Chapter 3.
[37] [38] [39] [40] [41]
File: DLFilerDissertation_files/figure-latex/alleleDep-1.pdf Graphic file (type
 pdf)
<use DLFilerDissertation_files/figure-latex/alleleDep-1.pdf>
[42] [43]
File: DLFilerDissertation_files/figure-latex/matVsFetLen-1.pdf Graphic file (ty
pe pdf)
<use DLFilerDissertation_files/figure-latex/matVsFetLen-1.pdf>
File: DLFilerDissertation_files/figure-latex/sratioByPmar-1.pdf Graphic file (t
ype pdf)
<use DLFilerDissertation_files/figure-latex/sratioByPmar-1.pdf>
File: DLFilerDissertation_files/figure-latex/sratioByPmar-2.pdf Graphic file (t
ype pdf)
<use DLFilerDissertation_files/figure-latex/sratioByPmar-2.pdf>
File: DLFilerDissertation_files/figure-latex/sratioByPmar-3.pdf Graphic file (t
ype pdf)
<use DLFilerDissertation_files/figure-latex/sratioByPmar-3.pdf>
[44] [45] [46] [47]
File: DLFilerDissertation_files/figure-latex/binCI-1.pdf Graphic file (type pdf
)
<use DLFilerDissertation_files/figure-latex/binCI-1.pdf>
File: DLFilerDissertation_files/figure-latex/binWeitzman-1.pdf Graphic file (ty
pe pdf)
<use DLFilerDissertation_files/figure-latex/binWeitzman-1.pdf>
[48] [49] [50] [51] [52

] [53

]
Missing character: There is no ‐ in font ec-lmr10!
[54] [55] [56] [57]
Overfull \hbox (4.16742pt too wide) in paragraph at lines 1776--1778
[][]\T1/lmr/m/n/10.95 79. Steele MW, Breg WRJ. Chro-mo-some anal-y-sis of hu-ma
n amniotic-fluid cells. \T1/lmr/m/it/10.95 Lancet\T1/lmr/m/n/10.95 . 1(7434):38
3-
 []

[58] [59] [60] [61] [62]
LaTeX Font Info:    Font shape `T1/lmtt/bx/n' in size <10.95> not available
(Font)              Font shape `T1/lmtt/b/n' tried instead on input line 1931.

Underfull \vbox (badness 1688) detected at line 2380
 []

[63

]
Underfull \vbox (badness 10000) detected at line 2380
 []


Underfull \vbox (badness 10000) detected at line 2380
 []


Overfull \vbox (5.99998pt too high) has occurred while \output is active []

[64]
Underfull \vbox (badness 10000) detected at line 2380
 []


Underfull \vbox (badness 10000) detected at line 2380
 []


Overfull \vbox (5.99998pt too high) has occurred while \output is active []

[65]
Underfull \vbox (badness 10000) detected at line 2380
 []


Underfull \vbox (badness 10000) detected at line 2380
 []


Overfull \vbox (5.99998pt too high) has occurred while \output is active []

[66]
Underfull \vbox (badness 10000) detected at line 2380
 []


Underfull \vbox (badness 10000) detected at line 2380
 []


Overfull \vbox (5.99998pt too high) has occurred while \output is active []

[67]
Underfull \vbox (badness 10000) detected at line 2380
 []


Underfull \vbox (badness 10000) detected at line 2380
 []


Overfull \vbox (5.99998pt too high) has occurred while \output is active []

[68]
Underfull \vbox (badness 10000) detected at line 2380
 []


Underfull \vbox (badness 10000) detected at line 2380
 []


Overfull \vbox (5.99998pt too high) has occurred while \output is active []

[69]
Underfull \vbox (badness 10000) detected at line 2380
 []


Underfull \vbox (badness 10000) detected at line 2380
 []


Overfull \vbox (5.99998pt too high) has occurred while \output is active []

[70]
Underfull \vbox (badness 10000) detected at line 2380
 []


Underfull \vbox (badness 10000) detected at line 2380
 []


Overfull \vbox (5.99998pt too high) has occurred while \output is active []

[71]
Underfull \vbox (badness 10000) detected at line 2380
 []


Underfull \vbox (badness 10000) detected at line 2380
 []


Overfull \vbox (5.99998pt too high) has occurred while \output is active []

[72]
Underfull \vbox (badness 10000) detected at line 2380
 []


Underfull \vbox (badness 10000) detected at line 2380
 []


Overfull \vbox (5.99998pt too high) has occurred while \output is active []

[73]
Underfull \vbox (badness 10000) detected at line 2380
 []


Underfull \vbox (badness 10000) detected at line 2380
 []


Overfull \vbox (5.99998pt too high) has occurred while \output is active []

[74]
Underfull \vbox (badness 10000) detected at line 2380
 []


Underfull \vbox (badness 10000) detected at line 2380
 []


Overfull \vbox (5.99998pt too high) has occurred while \output is active []

[75]
Underfull \vbox (badness 10000) detected at line 2380
 []


Underfull \vbox (badness 10000) detected at line 2380
 []


Overfull \vbox (5.99998pt too high) has occurred while \output is active []

[76]
Underfull \vbox (badness 10000) detected at line 2380
 []


Underfull \vbox (badness 10000) detected at line 2380
 []


Overfull \vbox (5.99998pt too high) has occurred while \output is active []

[77] [78] (./DLFilerDissertation.aux)
Package rerunfilecheck Info: File `DLFilerDissertation.out' has not changed.
(rerunfilecheck)             Checksum: D349BF5DA20130DC71BA1AB1BDA57051;2974.

LaTeX Warning: There were undefined references.


Package biblatex Warning: Please (re)run Biber on the file:
(biblatex)                DLFilerDissertation
(biblatex)                and rerun LaTeX afterwards.

Package logreq Info: Writing requests to 'DLFilerDissertation.run.xml'.
\openout1 = `DLFilerDissertation.run.xml'.

 ) 
Here is how much of TeX's memory you used:
 22960 strings out of 479405
 387371 string characters out of 5879304
 1185424 words of memory out of 5000000
 41943 multiletter control sequences out of 15000+600000
 582173 words of font info for 79 fonts, out of 8000000 for 9000
 14 hyphenation exceptions out of 8191
 80i,11n,85p,1208b,755s stack positions out of 5000i,500n,10000p,200000b,80000s

Output written on DLFilerDissertation.pdf (98 pages).
